<?xml version="1.0" encoding="UTF-8"?>
<!-- Generated by org.testng.reporters.JUnitReportReporter -->
<testsuite hostname="DESKTOP-K2QB92J" failures="0" tests="1" name="pageTests.android.ECommerceTest2" time="13.360" errors="0" timestamp="2024-01-17T15:51:20 GMT" skipped="0">
  <testcase classname="pageTests.android.ECommerceTest2" name="fillForm" time="13.360"/>
</testsuite> <!-- pageTests.android.ECommerceTest2 -->
